<?xml version="1.0" encoding="UTF-8"?>
<!-- Generated by org.testng.reporters.JUnitReportReporter -->
<testsuite hostname="INLTD12400" name="com.websystique.springmvc.dao.EmployeeDaoImplTest" tests="6" failures="0" timestamp="10 Aug 2016 12:24:57 GMT" time="0.504" errors="0">
  <testcase name="deleteEmployeeByInvalidSsn" time="0.160" classname="com.websystique.springmvc.dao.EmployeeDaoImplTest"/>
  <testcase name="deleteEmployeeBySsn" time="0.000" classname="com.websystique.springmvc.dao.EmployeeDaoImplTest"/>
  <testcase name="saveEmployee" time="0.266" classname="com.websystique.springmvc.dao.EmployeeDaoImplTest"/>
  <testcase name="findEmployeeBySsn" time="0.031" classname="com.websystique.springmvc.dao.EmployeeDaoImplTest"/>
  <testcase name="findAllEmployees" time="0.015" classname="com.websystique.springmvc.dao.EmployeeDaoImplTest"/>
  <testcase name="findById" time="0.032" classname="com.websystique.springmvc.dao.EmployeeDaoImplTest"/>
</testsuite> <!-- com.websystique.springmvc.dao.EmployeeDaoImplTest -->
